#-----------------------------------------------------------
# Vivado v2021.2 (64-bit)
# SW Build 3367213 on Tue Oct 19 02:48:09 MDT 2021
# IP Build 3369179 on Thu Oct 21 08:25:16 MDT 2021
# Start of session at: Tue May 10 00:25:14 2022
# Process ID: 20688
# Current directory: C:/Users/joshu/Desktop/School/CPE333/OTTER-multicyle-1-cycle-memory
# Command line: vivado.exe -gui_launcher_event rodinguilauncherevent40916 C:\Users\joshu\Desktop\School\CPE333\OTTER-multicyle-1-cycle-memory\OTTER-multicyle-1-cycle-memory.xpr
# Log file: C:/Users/joshu/Desktop/School/CPE333/OTTER-multicyle-1-cycle-memory/vivado.log
# Journal file: C:/Users/joshu/Desktop/School/CPE333/OTTER-multicyle-1-cycle-memory\vivado.jou
# Running On: LAPTOP-12K94QAC, OS: Windows, CPU Frequency: 2304 MHz, CPU Physical cores: 8, Host memory: 68475 MB
#-----------------------------------------------------------
start_gui
open_project C:/Users/joshu/Desktop/School/CPE333/OTTER-multicyle-1-cycle-memory/OTTER-multicyle-1-cycle-memory.xpr
WARNING: [Board 49-26] cannot add Board Part xilinx.com:kc705:part0:1.6 available at C:/Xilinx/Vivado/2021.2/data/xhub/boards/XilinxBoardStore/boards/Xilinx/kc705/1.6/board.xml as part xc7k325tffg900-2 specified in board_part file is either invalid or not available
WARNING: [Board 49-26] cannot add Board Part xilinx.com:kcu105:part0:1.6 available at C:/Xilinx/Vivado/2021.2/data/xhub/boards/XilinxBoardStore/boards/Xilinx/kcu105/1.6/board.xml as part xcku040-ffva1156-2-e specified in board_part file is either invalid or not available
WARNING: [Board 49-26] cannot add Board Part xilinx.com:kcu105:part0:1.7 available at C:/Xilinx/Vivado/2021.2/data/xhub/boards/XilinxBoardStore/boards/Xilinx/kcu105/1.7/board.xml as part xcku040-ffva1156-2-e specified in board_part file is either invalid or not available
WARNING: [Board 49-26] cannot add Board Part xilinx.com:kcu1500:part0:1.2 available at C:/Xilinx/Vivado/2021.2/data/xhub/boards/XilinxBoardStore/boards/Xilinx/kcu1500/1.2/board.xml as part xcku115-flvb2104-2-e specified in board_part file is either invalid or not available
WARNING: [Board 49-26] cannot add Board Part xilinx.com:vc707:part0:1.4 available at C:/Xilinx/Vivado/2021.2/data/xhub/boards/XilinxBoardStore/boards/Xilinx/vc707/1.4/board.xml as part xc7vx485tffg1761-2 specified in board_part file is either invalid or not available
WARNING: [Board 49-26] cannot add Board Part xilinx.com:vc709:part0:1.8 available at C:/Xilinx/Vivado/2021.2/data/xhub/boards/XilinxBoardStore/boards/Xilinx/vc709/1.8/board.xml as part xc7vx690tffg1761-2 specified in board_part file is either invalid or not available
WARNING: [Board 49-26] cannot add Board Part xilinx.com:vck190:part0:2.2 available at C:/Xilinx/Vivado/2021.2/data/xhub/boards/XilinxBoardStore/boards/Xilinx/vck190/production/2.2/board.xml as part xcvc1902-vsva2197-2mp-e-s specified in board_part file is either invalid or not available
WARNING: [Board 49-26] cannot add Board Part xilinx.com:vck190_es:part0:1.3 available at C:/Xilinx/Vivado/2021.2/data/xhub/boards/XilinxBoardStore/boards/Xilinx/vck190/es/1.3/board.xml as part xcvc1902-vsva2197-2mp-e-s-es1 specified in board_part file is either invalid or not available
WARNING: [Board 49-26] cannot add Board Part xilinx.com:vcu108:part0:1.6 available at C:/Xilinx/Vivado/2021.2/data/xhub/boards/XilinxBoardStore/boards/Xilinx/vcu108/1.6/board.xml as part xcvu095-ffva2104-2-e specified in board_part file is either invalid or not available
WARNING: [Board 49-26] cannot add Board Part xilinx.com:vcu108:part0:1.7 available at C:/Xilinx/Vivado/2021.2/data/xhub/boards/XilinxBoardStore/boards/Xilinx/vcu108/1.7/board.xml as part xcvu095-ffva2104-2-e specified in board_part file is either invalid or not available
WARNING: [Board 49-26] cannot add Board Part xilinx.com:vcu110:part0:1.4 available at C:/Xilinx/Vivado/2021.2/data/xhub/boards/XilinxBoardStore/boards/Xilinx/vcu110/1.4/board.xml as part xcvu190-flgc2104-2-e specified in board_part file is either invalid or not available
WARNING: [Board 49-26] cannot add Board Part xilinx.com:vcu118:part0:2.0 available at C:/Xilinx/Vivado/2021.2/data/xhub/boards/XilinxBoardStore/boards/Xilinx/vcu118/2.0/board.xml as part xcvu9p-flga2104-2l-e specified in board_part file is either invalid or not available
WARNING: [Board 49-26] cannot add Board Part xilinx.com:vcu118:part0:2.3 available at C:/Xilinx/Vivado/2021.2/data/xhub/boards/XilinxBoardStore/boards/Xilinx/vcu118/2.3/board.xml as part xcvu9p-flga2104-2l-e specified in board_part file is either invalid or not available
WARNING: [Board 49-26] cannot add Board Part xilinx.com:vcu118:part0:2.4 available at C:/Xilinx/Vivado/2021.2/data/xhub/boards/XilinxBoardStore/boards/Xilinx/vcu118/2.4/board.xml as part xcvu9p-flga2104-2l-e specified in board_part file is either invalid or not available
WARNING: [Board 49-26] cannot add Board Part xilinx.com:vcu128:part0:1.0 available at C:/Xilinx/Vivado/2021.2/data/xhub/boards/XilinxBoardStore/boards/Xilinx/vcu128/production/1.0/board.xml as part xcvu37p-fsvh2892-2l-e specified in board_part file is either invalid or not available
WARNING: [Board 49-26] cannot add Board Part xilinx.com:vcu129:part0:1.0 available at C:/Xilinx/Vivado/2021.2/data/xhub/boards/XilinxBoardStore/boards/Xilinx/vcu129/production/1.0/board.xml as part xcvu29p-fsga2577-2l-e specified in board_part file is either invalid or not available
WARNING: [Board 49-26] cannot add Board Part xilinx.com:vcu1525:part0:1.3 available at C:/Xilinx/Vivado/2021.2/data/xhub/boards/XilinxBoardStore/boards/Xilinx/vcu1525/1.3/board.xml as part xcvu9p-fsgd2104-2l-e specified in board_part file is either invalid or not available
WARNING: [Board 49-26] cannot add Board Part xilinx.com:vermeo_t1_mpsoc:part0:1.0 available at C:/Xilinx/Vivado/2021.2/data/xhub/boards/XilinxBoardStore/boards/Xilinx/vermeo_t1_mpsoc/1.0/board.xml as part xczu19eg-ffvd1760-2l-e specified in board_part file is either invalid or not available
WARNING: [Board 49-26] cannot add Board Part xilinx.com:vermeo_t1_rfsoc:part0:1.0 available at C:/Xilinx/Vivado/2021.2/data/xhub/boards/XilinxBoardStore/boards/Xilinx/vermeo_t1_rfsoc/1.0/board.xml as part xczu21dr-ffvd1156-2l-e specified in board_part file is either invalid or not available
WARNING: [Board 49-26] cannot add Board Part xilinx.com:vmk180:part0:2.2 available at C:/Xilinx/Vivado/2021.2/data/xhub/boards/XilinxBoardStore/boards/Xilinx/vmk180/production/2.2/board.xml as part xcvm1802-vsva2197-2mp-e-s specified in board_part file is either invalid or not available
WARNING: [Board 49-26] cannot add Board Part xilinx.com:vmk180_es:part0:1.3 available at C:/Xilinx/Vivado/2021.2/data/xhub/boards/XilinxBoardStore/boards/Xilinx/vmk180/es/1.3/board.xml as part xcvm1802-vsva2197-2mp-e-s-es1 specified in board_part file is either invalid or not available
WARNING: [Board 49-26] cannot add Board Part xilinx.com:vpk120_es:part0:1.2 available at C:/Xilinx/Vivado/2021.2/data/xhub/boards/XilinxBoardStore/boards/Xilinx/vpk120/es/1.2/board.xml as part xcvp1202-vsva2785-2mp-e-s-es1 specified in board_part file is either invalid or not available
WARNING: [Board 49-26] cannot add Board Part xilinx.com:zc706:part0:1.4 available at C:/Xilinx/Vivado/2021.2/data/xhub/boards/XilinxBoardStore/boards/Xilinx/zc706/1.4/board.xml as part xc7z045ffg900-2 specified in board_part file is either invalid or not available
WARNING: [Board 49-26] cannot add Board Part xilinx.com:zcu102:part0:3.3 available at C:/Xilinx/Vivado/2021.2/data/xhub/boards/XilinxBoardStore/boards/Xilinx/zcu102/3.3/board.xml as part xczu9eg-ffvb1156-2-e specified in board_part file is either invalid or not available
WARNING: [Board 49-26] cannot add Board Part xilinx.com:zcu102:part0:3.4 available at C:/Xilinx/Vivado/2021.2/data/xhub/boards/XilinxBoardStore/boards/Xilinx/zcu102/3.4/board.xml as part xczu9eg-ffvb1156-2-e specified in board_part file is either invalid or not available
WARNING: [Board 49-26] cannot add Board Part xilinx.com:zcu111:part0:1.2 available at C:/Xilinx/Vivado/2021.2/data/xhub/boards/XilinxBoardStore/boards/Xilinx/zcu111/1.2/board.xml as part xczu28dr-ffvg1517-2-e specified in board_part file is either invalid or not available
WARNING: [Board 49-26] cannot add Board Part xilinx.com:zcu111:part0:1.3 available at C:/Xilinx/Vivado/2021.2/data/xhub/boards/XilinxBoardStore/boards/Xilinx/zcu111/1.3/board.xml as part xczu28dr-ffvg1517-2-e specified in board_part file is either invalid or not available
WARNING: [Board 49-26] cannot add Board Part xilinx.com:zcu111:part0:1.4 available at C:/Xilinx/Vivado/2021.2/data/xhub/boards/XilinxBoardStore/boards/Xilinx/zcu111/1.4/board.xml as part xczu28dr-ffvg1517-2-e specified in board_part file is either invalid or not available
WARNING: [Board 49-26] cannot add Board Part xilinx.com:zcu1275:part0:1.0 available at C:/Xilinx/Vivado/2021.2/data/xhub/boards/XilinxBoardStore/boards/Xilinx/zcu1275/1.0/board.xml as part xczu29dr-ffvf1760-2-e specified in board_part file is either invalid or not available
WARNING: [Board 49-26] cannot add Board Part xilinx.com:zcu1285:part0:1.0 available at C:/Xilinx/Vivado/2021.2/data/xhub/boards/XilinxBoardStore/boards/Xilinx/zcu1285/1.0/board.xml as part xczu39dr-ffvf1760-2-i specified in board_part file is either invalid or not available
WARNING: [Board 49-26] cannot add Board Part xilinx.com:zcu208:part0:2.0 available at C:/Xilinx/Vivado/2021.2/data/xhub/boards/XilinxBoardStore/boards/Xilinx/zcu208/production/2.0/board.xml as part xczu48dr-fsvg1517-2-e specified in board_part file is either invalid or not available
WARNING: [Board 49-26] cannot add Board Part xilinx.com:zcu208_es:part0:1.0 available at C:/Xilinx/Vivado/2021.2/data/xhub/boards/XilinxBoardStore/boards/Xilinx/zcu208/es/1.0/board.xml as part xczu48dr-fsvg1517-2-e-es1 specified in board_part file is either invalid or not available
WARNING: [Board 49-26] cannot add Board Part xilinx.com:zcu208_es:part0:1.1 available at C:/Xilinx/Vivado/2021.2/data/xhub/boards/XilinxBoardStore/boards/Xilinx/zcu208/es/1.1/board.xml as part xczu48dr-fsvg1517-2-e-es1 specified in board_part file is either invalid or not available
WARNING: [Board 49-26] cannot add Board Part xilinx.com:zcu208_es:part0:1.2 available at C:/Xilinx/Vivado/2021.2/data/xhub/boards/XilinxBoardStore/boards/Xilinx/zcu208/es/1.2/board.xml as part xczu48dr-fsvg1517-2-e-es1 specified in board_part file is either invalid or not available
WARNING: [Board 49-26] cannot add Board Part xilinx.com:zcu208ld:part0:2.0 available at C:/Xilinx/Vivado/2021.2/data/xhub/boards/XilinxBoardStore/boards/Xilinx/zcu208ld/production/2.0/board.xml as part xczu58dr-fsvg1517-2-i specified in board_part file is either invalid or not available
WARNING: [Board 49-26] cannot add Board Part xilinx.com:zcu208ld_es:part0:1.0 available at C:/Xilinx/Vivado/2021.2/data/xhub/boards/XilinxBoardStore/boards/Xilinx/zcu208ld/es/1.0/board.xml as part xczu58dr-fsvg1517-2-i-es1 specified in board_part file is either invalid or not available
WARNING: [Board 49-26] cannot add Board Part xilinx.com:zcu216:part0:2.0 available at C:/Xilinx/Vivado/2021.2/data/xhub/boards/XilinxBoardStore/boards/Xilinx/zcu216/production/2.0/board.xml as part xczu49dr-ffvf1760-2-e specified in board_part file is either invalid or not available
WARNING: [Board 49-26] cannot add Board Part xilinx.com:zcu216_es:part0:1.0 available at C:/Xilinx/Vivado/2021.2/data/xhub/boards/XilinxBoardStore/boards/Xilinx/zcu216/es/1.0/board.xml as part xczu49dr-ffvf1760-2-e-es1 specified in board_part file is either invalid or not available
WARNING: [Board 49-26] cannot add Board Part xilinx.com:zcu216_es:part0:1.1 available at C:/Xilinx/Vivado/2021.2/data/xhub/boards/XilinxBoardStore/boards/Xilinx/zcu216/es/1.1/board.xml as part xczu49dr-ffvf1760-2-e-es1 specified in board_part file is either invalid or not available
WARNING: [Board 49-26] cannot add Board Part xilinx.com:zcu216_es:part0:1.2 available at C:/Xilinx/Vivado/2021.2/data/xhub/boards/XilinxBoardStore/boards/Xilinx/zcu216/es/1.2/board.xml as part xczu49dr-ffvf1760-2-e-es1 specified in board_part file is either invalid or not available
WARNING: [Board 49-26] cannot add Board Part xilinx.com:zcu216ld:part0:2.0 available at C:/Xilinx/Vivado/2021.2/data/xhub/boards/XilinxBoardStore/boards/Xilinx/zcu216ld/production/2.0/board.xml as part xczu59dr-ffvf1760-2-i specified in board_part file is either invalid or not available
WARNING: [Board 49-26] cannot add Board Part xilinx.com:zcu216ld_es:part0:1.0 available at C:/Xilinx/Vivado/2021.2/data/xhub/boards/XilinxBoardStore/boards/Xilinx/zcu216ld/es/1.0/board.xml as part xczu59dr-ffvf1760-2-i-es1 specified in board_part file is either invalid or not available
WARNING: [Board 49-26] cannot add Board Part xilinx.com:zcu670:part0:1.0 available at C:/Xilinx/Vivado/2021.2/data/xhub/boards/XilinxBoardStore/boards/Xilinx/zcu670/1.0/board.xml as part xczu67dr-fsve1156-2-i specified in board_part file is either invalid or not available
INFO: [filemgmt 56-3] Default IP Output Path : Could not find the directory 'C:/Users/joshu/Desktop/School/CPE333/OTTER-multicyle-1-cycle-memory/OTTER-multicyle-1-cycle-memory.gen/sources_1'.
CRITICAL WARNING: [Project 1-19] Could not find the file 'C:/Users/joshu/Desktop/School/CPE333/OTTER-multicyle-1-cycle-memory/OTTER-multicyle-1-cycle-memory.srcs/sim_1/new/HazardDetectionUnit.sv'.
Scanning sources...
Finished scanning sources
INFO: [IP_Flow 19-234] Refreshing IP repositories
INFO: [IP_Flow 19-1704] No user IP repositories specified
INFO: [IP_Flow 19-2313] Loaded Vivado IP repository 'C:/Xilinx/Vivado/2021.2/data/ip'.
open_project: Time (s): cpu = 00:00:17 ; elapsed = 00:00:06 . Memory (MB): peak = 1628.363 ; gain = 0.000
update_compile_order -fileset sources_1
launch_simulation
Command: launch_simulation 
INFO: [Vivado 12-12493] Simulation top is 'clock_tb'
WARNING: [Vivado 12-12986] Compiled library path does not exist: ''
INFO: [Vivado 12-5682] Launching behavioral simulation in 'C:/Users/joshu/Desktop/School/CPE333/OTTER-multicyle-1-cycle-memory/OTTER-multicyle-1-cycle-memory.sim/sim_1/behav/xsim'
INFO: [SIM-utils-51] Simulation object is 'sim_1'
INFO: [SIM-utils-72] Using boost library from 'C:/Xilinx/Vivado/2021.2/tps/boost_1_72_0'
INFO: [SIM-utils-54] Inspecting design source files for 'clock_tb' in fileset 'sim_1'...
INFO: [SIM-utils-43] Exported 'C:/Users/joshu/Desktop/School/CPE333/OTTER-multicyle-1-cycle-memory/OTTER-multicyle-1-cycle-memory.sim/sim_1/behav/xsim/otter_memory.mem'
INFO: [USF-XSim-97] Finding global include files...
INFO: [USF-XSim-98] Fetching design files from 'sim_1'...
INFO: [USF-XSim-2] XSim::Compile design
INFO: [USF-XSim-61] Executing 'COMPILE and ANALYZE' step in 'C:/Users/joshu/Desktop/School/CPE333/OTTER-multicyle-1-cycle-memory/OTTER-multicyle-1-cycle-memory.sim/sim_1/behav/xsim'
"xvlog --incr --relax -L uvm -prj clock_tb_vlog.prj"
INFO: [VRFC 10-2263] Analyzing SystemVerilog file "C:/Users/joshu/Desktop/School/CPE333/OTTER-multicyle-1-cycle-memory/ArithLogicUnit.sv" into library xil_defaultlib
INFO: [VRFC 10-311] analyzing module OTTER_ALU
INFO: [VRFC 10-2263] Analyzing SystemVerilog file "C:/Users/joshu/Desktop/School/CPE333/OTTER-multicyle-1-cycle-memory/peripherals/BCD.sv" into library xil_defaultlib
INFO: [VRFC 10-311] analyzing module BCD
INFO: [VRFC 10-2263] Analyzing SystemVerilog file "C:/Users/joshu/Desktop/School/CPE333/OTTER-multicyle-1-cycle-memory/OTTER-multicyle-1-cycle-memory.srcs/sources_1/new/BranchCondGen.sv" into library xil_defaultlib
INFO: [VRFC 10-311] analyzing module BranchCondGen
INFO: [VRFC 10-2458] undeclared symbol BR_EQ, assumed default net type wire [C:/Users/joshu/Desktop/School/CPE333/OTTER-multicyle-1-cycle-memory/OTTER-multicyle-1-cycle-memory.srcs/sources_1/new/BranchCondGen.sv:34]
INFO: [VRFC 10-2458] undeclared symbol BR_LT, assumed default net type wire [C:/Users/joshu/Desktop/School/CPE333/OTTER-multicyle-1-cycle-memory/OTTER-multicyle-1-cycle-memory.srcs/sources_1/new/BranchCondGen.sv:35]
INFO: [VRFC 10-2458] undeclared symbol BR_LTU, assumed default net type wire [C:/Users/joshu/Desktop/School/CPE333/OTTER-multicyle-1-cycle-memory/OTTER-multicyle-1-cycle-memory.srcs/sources_1/new/BranchCondGen.sv:36]
INFO: [VRFC 10-2263] Analyzing SystemVerilog file "C:/Users/joshu/Desktop/School/CPE333/OTTER-multicyle-1-cycle-memory/CSR.sv" into library xil_defaultlib
INFO: [VRFC 10-311] analyzing module CSR
WARNING: [VRFC 10-8426] non-net output port 'mepc' cannot be initialized at declaration in SystemVerilog mode [C:/Users/joshu/Desktop/School/CPE333/OTTER-multicyle-1-cycle-memory/CSR.sv:30]
WARNING: [VRFC 10-8426] non-net output port 'mtvec' cannot be initialized at declaration in SystemVerilog mode [C:/Users/joshu/Desktop/School/CPE333/OTTER-multicyle-1-cycle-memory/CSR.sv:31]
INFO: [VRFC 10-2263] Analyzing SystemVerilog file "C:/Users/joshu/Desktop/School/CPE333/OTTER-multicyle-1-cycle-memory/CU_Decoder.sv" into library xil_defaultlib
INFO: [VRFC 10-311] analyzing module OTTER_CU_Decoder
INFO: [VRFC 10-2263] Analyzing SystemVerilog file "C:/Users/joshu/Desktop/School/CPE333/OTTER-multicyle-1-cycle-memory/peripherals/CathodeDriver.sv" into library xil_defaultlib
INFO: [VRFC 10-311] analyzing module CathodeDriver
INFO: [VRFC 10-2263] Analyzing SystemVerilog file "C:/Users/joshu/Desktop/School/CPE333/OTTER-multicyle-1-cycle-memory/ControlUnit.sv" into library xil_defaultlib
INFO: [VRFC 10-311] analyzing module OTTER_CU_FSM
INFO: [VRFC 10-2263] Analyzing SystemVerilog file "C:/Users/joshu/Desktop/School/CPE333/OTTER-multicyle-1-cycle-memory/OTTER-multicyle-1-cycle-memory.srcs/sources_1/new/Forwarding_unit.sv" into library xil_defaultlib
INFO: [VRFC 10-311] analyzing module Forwarding_unit
INFO: [VRFC 10-2263] Analyzing SystemVerilog file "C:/Users/joshu/Desktop/School/CPE333/OTTER-multicyle-1-cycle-memory/OTTER-multicyle-1-cycle-memory.srcs/sources_1/new/HazardUnit.sv" into library xil_defaultlib
INFO: [VRFC 10-311] analyzing module HazardUnit
INFO: [VRFC 10-2263] Analyzing SystemVerilog file "C:/Users/joshu/Desktop/School/CPE333/OTTER-multicyle-1-cycle-memory/peripherals/KeyboardDriver.sv" into library xil_defaultlib
INFO: [VRFC 10-311] analyzing module KeyboardDriver
INFO: [VRFC 10-311] analyzing module keyboard
INFO: [VRFC 10-311] analyzing module ps2_rx
INFO: [VRFC 10-2263] Analyzing SystemVerilog file "C:/Users/joshu/Desktop/School/CPE333/OTTER-multicyle-1-cycle-memory/Mult4to1.sv" into library xil_defaultlib
INFO: [VRFC 10-311] analyzing module Mult6to1
INFO: [VRFC 10-311] analyzing module Mult5to1
INFO: [VRFC 10-311] analyzing module Mult4to1
INFO: [VRFC 10-311] analyzing module Mult2to1
INFO: [VRFC 10-2263] Analyzing SystemVerilog file "C:/Users/joshu/Desktop/School/CPE333/OTTER-multicyle-1-cycle-memory/OTTER_Wrapper.sv" into library xil_defaultlib
INFO: [VRFC 10-311] analyzing module OTTER_Wrapper
INFO: [VRFC 10-2263] Analyzing SystemVerilog file "C:/Users/joshu/Desktop/School/CPE333/OTTER-multicyle-1-cycle-memory/ProgCount.sv" into library xil_defaultlib
INFO: [VRFC 10-311] analyzing module ProgCount
WARNING: [VRFC 10-8426] non-net output port 'PC_COUNT' cannot be initialized at declaration in SystemVerilog mode [C:/Users/joshu/Desktop/School/CPE333/OTTER-multicyle-1-cycle-memory/ProgCount.sv:28]
INFO: [VRFC 10-2263] Analyzing SystemVerilog file "C:/Users/joshu/Desktop/School/CPE333/OTTER-multicyle-1-cycle-memory/peripherals/SevSegDisp.sv" into library xil_defaultlib
INFO: [VRFC 10-311] analyzing module SevSegDisp
INFO: [VRFC 10-2263] Analyzing SystemVerilog file "C:/Users/joshu/Desktop/School/CPE333/OTTER-multicyle-1-cycle-memory/OTTER-multicyle-1-cycle-memory.srcs/sources_1/imports/Downloads/bram_dualport_pipeline.sv" into library xil_defaultlib
INFO: [VRFC 10-311] analyzing module OTTER_mem_dualport
INFO: [VRFC 10-311] analyzing module OTTER_mem_byte
INFO: [VRFC 10-2263] Analyzing SystemVerilog file "C:/Users/joshu/Desktop/School/CPE333/OTTER-multicyle-1-cycle-memory/peripherals/debounce_one_shot.sv" into library xil_defaultlib
INFO: [VRFC 10-311] analyzing module debounce_one_shot
INFO: [VRFC 10-2263] Analyzing SystemVerilog file "C:/Users/joshu/Desktop/School/CPE333/OTTER-multicyle-1-cycle-memory/OTTER-multicyle-1-cycle-memory.srcs/sources_1/imports/Downloads/otter_mcu_pipeline_template_v2.sv" into library xil_defaultlib
INFO: [VRFC 10-311] analyzing module OTTER_MCU
INFO: [VRFC 10-2458] undeclared symbol OPCODE_t, assumed default net type wire [C:/Users/joshu/Desktop/School/CPE333/OTTER-multicyle-1-cycle-memory/OTTER-multicyle-1-cycle-memory.srcs/sources_1/imports/Downloads/otter_mcu_pipeline_template_v2.sv:122]
INFO: [VRFC 10-2263] Analyzing SystemVerilog file "C:/Users/joshu/Desktop/School/CPE333/OTTER-multicyle-1-cycle-memory/registerFile.sv" into library xil_defaultlib
INFO: [VRFC 10-311] analyzing module OTTER_registerFile
INFO: [VRFC 10-2263] Analyzing SystemVerilog file "C:/Users/joshu/Desktop/School/CPE333/OTTER-multicyle-1-cycle-memory/OTTER-multicyle-1-cycle-memory.srcs/sources_1/imports/CPE333/clock_tb.sv" into library xil_defaultlib
INFO: [VRFC 10-311] analyzing module clock_tb
INFO: [USF-XSim-69] 'compile' step finished in '4' seconds
INFO: [USF-XSim-3] XSim::Elaborate design
INFO: [USF-XSim-61] Executing 'ELABORATE' step in 'C:/Users/joshu/Desktop/School/CPE333/OTTER-multicyle-1-cycle-memory/OTTER-multicyle-1-cycle-memory.sim/sim_1/behav/xsim'
"xelab --incr --debug typical --relax --mt 2 -L xil_defaultlib -L uvm -L unisims_ver -L unimacro_ver -L secureip --snapshot clock_tb_behav xil_defaultlib.clock_tb xil_defaultlib.glbl -log elaborate.log"
Vivado Simulator v2021.2
Copyright 1986-1999, 2001-2021 Xilinx, Inc. All Rights Reserved.
Running: C:/Xilinx/Vivado/2021.2/bin/unwrapped/win64.o/xelab.exe --incr --debug typical --relax --mt 2 -L xil_defaultlib -L uvm -L unisims_ver -L unimacro_ver -L secureip --snapshot clock_tb_behav xil_defaultlib.clock_tb xil_defaultlib.glbl -log elaborate.log 
Using 2 slave threads.
Starting static elaboration
Pass Through NonSizing Optimizer
WARNING: [VRFC 10-5021] port 'BTNL' is not connected on this instance [C:/Users/joshu/Desktop/School/CPE333/OTTER-multicyle-1-cycle-memory/OTTER-multicyle-1-cycle-memory.srcs/sources_1/imports/CPE333/clock_tb.sv:34]
WARNING: [VRFC 10-5021] port 'intTaken' is not connected on this instance [C:/Users/joshu/Desktop/School/CPE333/OTTER-multicyle-1-cycle-memory/OTTER-multicyle-1-cycle-memory.srcs/sources_1/imports/Downloads/otter_mcu_pipeline_template_v2.sv:160]
Completed static elaboration
Starting simulation data flow analysis
Completed simulation data flow analysis
Time Resolution for simulation is 1ps
Compiling package xil_defaultlib.$unit_ArithLogicUnit_sv
Compiling module xil_defaultlib.Mult4to1
Compiling module xil_defaultlib.ProgCount
Compiling module xil_defaultlib.HazardUnit
Compiling module xil_defaultlib.OTTER_registerFile
Compiling module xil_defaultlib.OTTER_CU_Decoder
Compiling module xil_defaultlib.Mult2to1
Compiling module xil_defaultlib.BranchCondGen
Compiling module xil_defaultlib.OTTER_ALU
Compiling module xil_defaultlib.Forwarding_unit
Compiling module xil_defaultlib.OTTER_mem_byte
Compiling module xil_defaultlib.OTTER_MCU
Compiling module xil_defaultlib.BCD
Compiling module xil_defaultlib.CathodeDriver
Compiling module xil_defaultlib.SevSegDisp
Compiling module xil_defaultlib.debounce_one_shot
Compiling module xil_defaultlib.ps2_rx
Compiling module xil_defaultlib.keyboard
Compiling module xil_defaultlib.KeyboardDriver
Compiling module xil_defaultlib.OTTER_Wrapper
Compiling module xil_defaultlib.clock_tb
Compiling module xil_defaultlib.glbl
Built simulation snapshot clock_tb_behav
INFO: [USF-XSim-69] 'elaborate' step finished in '4' seconds
INFO: [USF-XSim-4] XSim::Simulate design
INFO: [USF-XSim-61] Executing 'SIMULATE' step in 'C:/Users/joshu/Desktop/School/CPE333/OTTER-multicyle-1-cycle-memory/OTTER-multicyle-1-cycle-memory.sim/sim_1/behav/xsim'
INFO: [USF-XSim-98] *** Running xsim
   with args "clock_tb_behav -key {Behavioral:sim_1:Functional:clock_tb} -tclbatch {clock_tb.tcl} -view {C:/Users/joshu/Desktop/School/CPE333/OTTER-multicyle-1-cycle-memory/testing1.wcfg} -log {simulate.log}"
INFO: [USF-XSim-8] Loading simulator feature
Time resolution is 1 ps
open_wave_config C:/Users/joshu/Desktop/School/CPE333/OTTER-multicyle-1-cycle-memory/testing1.wcfg
source clock_tb.tcl
# set curr_wave [current_wave_config]
# if { [string length $curr_wave] == 0 } {
#   if { [llength [get_objects]] > 0} {
#     add_wave /
#     set_property needs_save false [current_wave_config]
#   } else {
#      send_msg_id Add_Wave-1 WARNING "No top level signals found. Simulator will start without a wave window. If you want to open a wave window go to 'File->New Waveform Configuration' or type 'create_wave_config' in the TCL console."
#   }
# }
# run 1000ns
